<?xml version="1.0" encoding="UTF-8"?>
<!-- Generated by org.testng.reporters.JUnitXMLReporter -->
<testsuite ignored="0" hostname="Mera" failures="0" tests="7" name="Default test" time="0.114" errors="0" timestamp="2026-05-10T21:39:42 IDT">
  <testcase classname="UserAuthenticationTest" name="testAuthenticate" time="0.018"/>
  <testcase classname="UserAuthenticationTest" name="testAuthenticate" time="0.002"/>
  <testcase classname="UserAuthenticationTest" name="testAuthenticate" time="0.002"/>
  <testcase classname="UserAuthenticationTest" name="testAuthenticate" time="0.001"/>
  <testcase classname="UserAuthenticationTest" name="testAuthenticate" time="0.002"/>
  <testcase classname="UserAuthenticationTest" name="testAuthenticate" time="0.003"/>
  <testcase classname="UserAuthenticationTest" name="testAuthenticate" time="0.001"/>
</testsuite> <!-- Default test -->
