<?xml version="1.0" encoding="UTF-8"?>
<testng-results ignored="0" total="7" passed="7" failed="0" skipped="0">
  <reporter-output>
  </reporter-output>
  <suite started-at="2026-05-10T21:39:42 IDT" name="Default suite" finished-at="2026-05-10T21:39:42 IDT" duration-ms="114">
    <groups>
    </groups>
    <test started-at="2026-05-10T21:39:42 IDT" name="Default test" finished-at="2026-05-10T21:39:42 IDT" duration-ms="114">
      <class name="UserAuthenticationTest">
        <test-method signature="testAuthenticate(java.lang.String,java.lang.String,boolean)[pri:0, instance:UserAuthenticationTest@9597028]" started-at="2026-05-10T21:39:42 IDT" name="testAuthenticate" data-provider="loginData" finished-at="2026-05-10T21:39:42 IDT" duration-ms="18" status="PASS">
          <params>
            <param index="0">
              <value>
                <![CDATA[admin]]>
              </value>
            </param>
            <param index="1">
              <value>
                <![CDATA[password123]]>
              </value>
            </param>
            <param index="2">
              <value>
                <![CDATA[true]]>
              </value>
            </param>
          </params>
          <reporter-output>
          </reporter-output>
        </test-method> <!-- testAuthenticate -->
        <test-method signature="testAuthenticate(java.lang.String,java.lang.String,boolean)[pri:0, instance:UserAuthenticationTest@9597028]" started-at="2026-05-10T21:39:42 IDT" name="testAuthenticate" data-provider="loginData" finished-at="2026-05-10T21:39:42 IDT" duration-ms="2" status="PASS">
          <params>
            <param index="0">
              <value>
                <![CDATA[admin]]>
              </value>
            </param>
            <param index="1">
              <value>
                <![CDATA[wrongPass]]>
              </value>
            </param>
            <param index="2">
              <value>
                <![CDATA[false]]>
              </value>
            </param>
          </params>
          <reporter-output>
          </reporter-output>
        </test-method> <!-- testAuthenticate -->
        <test-method signature="testAuthenticate(java.lang.String,java.lang.String,boolean)[pri:0, instance:UserAuthenticationTest@9597028]" started-at="2026-05-10T21:39:42 IDT" name="testAuthenticate" data-provider="loginData" finished-at="2026-05-10T21:39:42 IDT" duration-ms="2" status="PASS">
          <params>
            <param index="0">
              <value>
                <![CDATA[wrongUser]]>
              </value>
            </param>
            <param index="1">
              <value>
                <![CDATA[password123]]>
              </value>
            </param>
            <param index="2">
              <value>
                <![CDATA[false]]>
              </value>
            </param>
          </params>
          <reporter-output>
          </reporter-output>
        </test-method> <!-- testAuthenticate -->
        <test-method signature="testAuthenticate(java.lang.String,java.lang.String,boolean)[pri:0, instance:UserAuthenticationTest@9597028]" started-at="2026-05-10T21:39:42 IDT" name="testAuthenticate" data-provider="loginData" finished-at="2026-05-10T21:39:42 IDT" duration-ms="1" status="PASS">
          <params>
            <param index="0">
              <value>
                <![CDATA[]]>
              </value>
            </param>
            <param index="1">
              <value>
                <![CDATA[]]>
              </value>
            </param>
            <param index="2">
              <value>
                <![CDATA[false]]>
              </value>
            </param>
          </params>
          <reporter-output>
          </reporter-output>
        </test-method> <!-- testAuthenticate -->
        <test-method signature="testAuthenticate(java.lang.String,java.lang.String,boolean)[pri:0, instance:UserAuthenticationTest@9597028]" started-at="2026-05-10T21:39:42 IDT" name="testAuthenticate" data-provider="loginData" finished-at="2026-05-10T21:39:42 IDT" duration-ms="2" status="PASS">
          <params>
            <param index="0">
              <value is-null="true"/>
            </param>
            <param index="1">
              <value is-null="true"/>
            </param>
            <param index="2">
              <value>
                <![CDATA[false]]>
              </value>
            </param>
          </params>
          <reporter-output>
          </reporter-output>
        </test-method> <!-- testAuthenticate -->
        <test-method signature="testAuthenticate(java.lang.String,java.lang.String,boolean)[pri:0, instance:UserAuthenticationTest@9597028]" started-at="2026-05-10T21:39:42 IDT" name="testAuthenticate" data-provider="loginData" finished-at="2026-05-10T21:39:42 IDT" duration-ms="3" status="PASS">
          <params>
            <param index="0">
              <value>
                <![CDATA[admin]]>
              </value>
            </param>
            <param index="1">
              <value>
                <![CDATA[]]>
              </value>
            </param>
            <param index="2">
              <value>
                <![CDATA[false]]>
              </value>
            </param>
          </params>
          <reporter-output>
          </reporter-output>
        </test-method> <!-- testAuthenticate -->
        <test-method signature="testAuthenticate(java.lang.String,java.lang.String,boolean)[pri:0, instance:UserAuthenticationTest@9597028]" started-at="2026-05-10T21:39:42 IDT" name="testAuthenticate" data-provider="loginData" finished-at="2026-05-10T21:39:42 IDT" duration-ms="1" status="PASS">
          <params>
            <param index="0">
              <value>
                <![CDATA[ADMIN]]>
              </value>
            </param>
            <param index="1">
              <value>
                <![CDATA[password123]]>
              </value>
            </param>
            <param index="2">
              <value>
                <![CDATA[false]]>
              </value>
            </param>
          </params>
          <reporter-output>
          </reporter-output>
        </test-method> <!-- testAuthenticate -->
      </class> <!-- UserAuthenticationTest -->
    </test> <!-- Default test -->
  </suite> <!-- Default suite -->
</testng-results>
