<?xml version="1.0" encoding="UTF-8"?>
<!-- Generated by org.testng.reporters.JUnitReportReporter -->
<testsuite hostname="Mera" failures="0" tests="7" name="UserAuthenticationTest" time="0.029" errors="0" timestamp="2026-05-10T21:39:42 IDT" skipped="0">
  <testcase classname="UserAuthenticationTest" name="testAuthenticate" time="0.002"/>
  <testcase classname="UserAuthenticationTest" name="testAuthenticate" time="0.018"/>
  <testcase classname="UserAuthenticationTest" name="testAuthenticate" time="0.002"/>
  <testcase classname="UserAuthenticationTest" name="testAuthenticate" time="0.001"/>
  <testcase classname="UserAuthenticationTest" name="testAuthenticate" time="0.001"/>
  <testcase classname="UserAuthenticationTest" name="testAuthenticate" time="0.002"/>
  <testcase classname="UserAuthenticationTest" name="testAuthenticate" time="0.003"/>
</testsuite> <!-- UserAuthenticationTest -->
